2020-04-07 21:26:57 INFO   :root~university schema@Database connection successful
2020-04-07 21:26:57 INFO   :root~university schema@SQL->[select * from takes where ID="45678" and course_id="CS-101"] execute successful
2020-04-07 21:26:57 INFO   :root~university schema@('45678', 'CS-101', 1, 'Spring', '2010', 'B+')
2020-04-07 21:26:57 INFO   :root~university schema@('45678', 'CS-101', 1, 'Fall', '2009', 'F')
2020-04-07 21:26:57 INFO   :root~university schema@Database connection closed successful
2020-04-07 21:28:22 INFO   :root~university schema@Database connection successful
2020-04-07 21:28:22 INFO   :root~university schema@SQL->[select * from takes where ID="45678" and course_id="CS-101"] execute successful
2020-04-07 21:28:22 INFO   :root~university schema@('45678', 'CS-101', 1, 'Spring', '2010', 'B+')
2020-04-07 21:28:22 INFO   :root~university schema@('45678', 'CS-101', 1, 'Fall', '2009', 'F')
2020-04-07 21:28:22 INFO   :root~university schema@Database connection closed successful
2020-04-07 21:31:12 INFO   :root~university schema@Database connection successful
2020-04-07 21:31:12 INFO   :root~university schema@SQL->[select * from takes where ID="45678" and course_id="CS-101"] execute successful
2020-04-07 21:31:12 INFO   :root~university schema@('45678', 'CS-101', 1, 'Spring', '2010', 'B+')
2020-04-07 21:31:12 INFO   :root~university schema@('45678', 'CS-101', 1, 'Fall', '2009', 'F')
2020-04-07 21:31:12 INFO   :root~university schema@Database connection closed successful
2020-04-07 21:31:16 INFO   :root~university schema@Database connection successful
2020-04-07 21:31:16 INFO   :root~university schema@SQL->[select * from takes where ID="45678" and course_id="CS-101"] execute successful
2020-04-07 21:31:16 INFO   :root~university schema@('45678', 'CS-101', 1, 'Spring', '2010', 'B+')
2020-04-07 21:31:16 INFO   :root~university schema@('45678', 'CS-101', 1, 'Fall', '2009', 'F')
2020-04-07 21:31:16 INFO   :root~university schema@Database connection closed successful
2020-04-07 21:33:06 INFO   :root~university schema@Database connection successful
2020-04-07 21:33:06 INFO   :root~university schema@SQL->[select * from takes where ID="45678" and course_id="CS-101"] execute successful
2020-04-07 21:33:06 INFO   :root~university schema@('45678', 'CS-101', 1, 'Spring', '2010', 'B+')
2020-04-07 21:33:06 INFO   :root~university schema@('45678', 'CS-101', 1, 'Fall', '2009', 'F')
2020-04-07 21:33:06 INFO   :root~university schema@Database connection closed successful
2020-04-07 21:34:56 INFO   :root~university schema@Database connection successful
2020-04-07 21:34:56 INFO   :root~university schema@SQL->[select * from takes where ID="45678" and course_id="CS-101"] execute successful
2020-04-07 21:34:56 INFO   :root~university schema@('45678', 'CS-101', 1, 'Spring', '2010', 'B+')
2020-04-07 21:34:56 INFO   :root~university schema@('45678', 'CS-101', 1, 'Fall', '2009', 'F')
2020-04-07 21:34:56 INFO   :root~university schema@Database connection closed successful
2020-04-07 21:37:40 INFO   :root~university schema@Database connection successful
2020-04-07 21:37:40 INFO   :root~university schema@SQL->[select * from takes where ID="45678" and course_id="CS-101"] execute successful
2020-04-07 21:37:40 INFO   :root~university schema@('45678', 'CS-101', 1, 'Spring', '2010', 'B+')
2020-04-07 21:37:40 INFO   :root~university schema@('45678', 'CS-101', 1, 'Fall', '2009', 'F')
2020-04-07 21:37:40 INFO   :root~university schema@Database connection closed successful
2020-04-07 21:37:45 INFO   :root~university schema@Database connection successful
2020-04-07 21:37:45 INFO   :root~university schema@SQL->[select * from takes where ID="45678" and course_id="CS-101"] execute successful
2020-04-07 21:37:45 INFO   :root~university schema@('45678', 'CS-101', 1, 'Spring', '2010', 'B+')
2020-04-07 21:37:45 INFO   :root~university schema@('45678', 'CS-101', 1, 'Fall', '2009', 'F')
2020-04-07 21:37:45 INFO   :root~university schema@Database connection closed successful
2020-04-07 21:44:23 INFO   :root~university schema@Database connection successful
2020-04-07 21:44:23 INFO   :root~university schema@SQL->[select * from takes where ID="45678" and course_id="CS-101"] execute successful
2020-04-07 21:44:23 INFO   :root~university schema@('45678', 'CS-101', 1, 'Spring', '2010', 'B+')
2020-04-07 21:44:23 INFO   :root~university schema@('45678', 'CS-101', 1, 'Fall', '2009', 'F')
2020-04-07 21:44:23 INFO   :root~university schema@Database connection closed successful
2020-04-08 01:13:59 INFO   :root~university schema@Database connection successful
2020-04-08 01:13:59 INFO   :root~university schema@SQL->[select * from takes where ID="45678" and course_id="CS-101"] execute successful
2020-04-08 01:13:59 INFO   :root~university schema@('45678', 'CS-101', 1, 'Spring', '2010', 'B+')
2020-04-08 01:13:59 INFO   :root~university schema@('45678', 'CS-101', 1, 'Fall', '2009', 'F')
2020-04-08 01:13:59 INFO   :root~university schema@Database connection closed successful
2020-04-08 01:14:10 INFO   :root~university schema@Database connection successful
2020-04-08 01:14:10 INFO   :root~university schema@SQL->[select * from takes where ID="45678" and course_id="CS-101"] execute successful
2020-04-08 01:14:10 INFO   :root~university schema@('45678', 'CS-101', 1, 'Spring', '2010', 'B+')
2020-04-08 01:14:10 INFO   :root~university schema@('45678', 'CS-101', 1, 'Fall', '2009', 'F')
2020-04-08 01:14:10 INFO   :root~university schema@Database connection closed successful
2020-04-09 12:51:04 INFO   :root~university schema@Database connection successful
2020-04-09 12:51:04 INFO   :root~university schema@SQL->[select * from takes where ID="45678" and course_id="CS-101"] execute successful
2020-04-09 12:51:04 INFO   :root~university schema@('45678', 'CS-101', 1, 'Spring', '2010', 'B+')
2020-04-09 12:51:04 INFO   :root~university schema@('45678', 'CS-101', 1, 'Fall', '2009', 'F')
2020-04-09 12:51:04 INFO   :root~university schema@Database connection closed successful
2020-04-09 13:20:57 INFO   :root~university schema@Database connection successful
2020-04-09 13:20:57 INFO   :root~university schema@SQL->[select * from takes where ID="45678" and course_id="CS-101"] execute successful
2020-04-09 13:20:57 INFO   :root~university schema@('45678', 'CS-101', 1, 'Spring', '2010', 'B+')
2020-04-09 13:20:57 INFO   :root~university schema@('45678', 'CS-101', 1, 'Fall', '2009', 'F')
2020-04-09 13:20:57 INFO   :root~university schema@Database connection closed successful
2020-04-09 13:22:06 INFO   :root~university schema@Database connection successful
2020-04-09 13:22:06 INFO   :root~university schema@SQL->[select * from takes where ID="45678" and course_id="CS-101"] execute successful
2020-04-09 13:22:06 INFO   :root~university schema@('45678', 'CS-101', 1, 'Spring', '2010', 'B+')
2020-04-09 13:22:06 INFO   :root~university schema@('45678', 'CS-101', 1, 'Fall', '2009', 'F')
2020-04-09 13:22:06 INFO   :root~university schema@Database connection closed successful
2020-04-09 13:25:26 INFO   :root~university schema@Database connection successful
2020-04-09 13:25:26 INFO   :root~university schema@SQL->[select * from takes where ID="45678" and course_id="CS-101"] execute successful
2020-04-09 13:25:26 INFO   :root~university schema@('45678', 'CS-101', 1, 'Spring', '2010', 'B+')
2020-04-09 13:25:26 INFO   :root~university schema@('45678', 'CS-101', 1, 'Fall', '2009', 'F')
2020-04-09 13:25:27 INFO   :root~university schema@Database connection closed successful
2020-04-09 17:34:11 INFO   :root~university schema@Database connection successful
2020-04-09 17:34:11 INFO   :root~university schema@SQL->[select * from takes where ID="45678" and course_id="CS-101"] execute successful
2020-04-09 17:34:11 INFO   :root~university schema@('45678', 'CS-101', 1, 'Spring', '2010', 'B+')
2020-04-09 17:34:11 INFO   :root~university schema@('45678', 'CS-101', 1, 'Fall', '2009', 'F')
2020-04-09 17:34:11 INFO   :root~university schema@Database connection closed successful
2020-04-09 17:34:19 INFO   :root~university schema@Database connection successful
2020-04-09 17:34:19 INFO   :root~university schema@SQL->[select * from takes where ID="45678" and course_id="CS-101"] execute successful
2020-04-09 17:34:19 INFO   :root~university schema@('45678', 'CS-101', 1, 'Spring', '2010', 'B+')
2020-04-09 17:34:19 INFO   :root~university schema@('45678', 'CS-101', 1, 'Fall', '2009', 'F')
2020-04-09 17:34:19 INFO   :root~university schema@Database connection closed successful
2020-04-09 17:35:45 INFO   :root~university schema@Database connection successful
2020-04-09 17:35:45 INFO   :root~university schema@SQL->[select * from takes where ID="45678" and course_id="CS-101"] execute successful
2020-04-09 17:35:45 INFO   :root~university schema@('45678', 'CS-101', 1, 'Spring', '2010', 'B+')
2020-04-09 17:35:45 INFO   :root~university schema@('45678', 'CS-101', 1, 'Fall', '2009', 'F')
2020-04-09 17:35:45 INFO   :root~university schema@Database connection closed successful
2020-04-09 17:35:54 INFO   :root~university schema@Database connection successful
2020-04-09 17:35:54 INFO   :root~university schema@SQL->[select * from takes where ID="45678" and course_id="CS-101"] execute successful
2020-04-09 17:35:54 INFO   :root~university schema@('45678', 'CS-101', 1, 'Spring', '2010', 'B+')
2020-04-09 17:35:54 INFO   :root~university schema@('45678', 'CS-101', 1, 'Fall', '2009', 'F')
2020-04-09 17:35:54 INFO   :root~university schema@Database connection closed successful
2020-04-09 17:40:42 INFO   :root~university schema@Database connection successful
2020-04-09 17:40:42 INFO   :root~university schema@SQL->[select * from takes where ID="45678" and course_id="CS-101"] execute successful
2020-04-09 17:40:42 INFO   :root~university schema@('45678', 'CS-101', 1, 'Spring', '2010', 'B+')
2020-04-09 17:40:42 INFO   :root~university schema@('45678', 'CS-101', 1, 'Fall', '2009', 'F')
2020-04-09 17:40:42 INFO   :root~university schema@Database connection closed successful
2020-04-09 17:42:03 INFO   :root~university schema@Database connection successful
2020-04-09 17:42:03 INFO   :root~university schema@SQL->[select * from takes where ID="45678" and course_id="CS-101"] execute successful
2020-04-09 17:42:03 INFO   :root~university schema@('45678', 'CS-101', 1, 'Spring', '2010', 'B+')
2020-04-09 17:42:03 INFO   :root~university schema@('45678', 'CS-101', 1, 'Fall', '2009', 'F')
2020-04-09 17:42:03 INFO   :root~university schema@Database connection closed successful
2020-04-09 17:42:48 INFO   :root~university schema@Database connection successful
2020-04-09 17:42:48 INFO   :root~university schema@SQL->[select * from takes where ID="45678" and course_id="CS-101"] execute successful
2020-04-09 17:42:48 INFO   :root~university schema@('45678', 'CS-101', 1, 'Spring', '2010', 'B+')
2020-04-09 17:42:48 INFO   :root~university schema@('45678', 'CS-101', 1, 'Fall', '2009', 'F')
2020-04-09 17:42:48 INFO   :root~university schema@Database connection closed successful
2020-04-09 17:43:23 INFO   :root~university schema@Database connection successful
2020-04-09 17:43:23 INFO   :root~university schema@SQL->[select * from takes where ID="45678" and course_id="CS-101"] execute successful
2020-04-09 17:43:23 INFO   :root~university schema@('45678', 'CS-101', 1, 'Spring', '2010', 'B+')
2020-04-09 17:43:23 INFO   :root~university schema@('45678', 'CS-101', 1, 'Fall', '2009', 'F')
2020-04-09 17:43:23 INFO   :root~university schema@Database connection closed successful
2020-04-09 17:43:31 INFO   :root~university schema@Database connection successful
2020-04-09 17:43:31 INFO   :root~university schema@SQL->[select * from takes where ID="45678" and course_id="CS-101"] execute successful
2020-04-09 17:43:31 INFO   :root~university schema@('45678', 'CS-101', 1, 'Spring', '2010', 'B+')
2020-04-09 17:43:31 INFO   :root~university schema@('45678', 'CS-101', 1, 'Fall', '2009', 'F')
2020-04-09 17:43:31 INFO   :root~university schema@Database connection closed successful
2020-04-09 17:44:00 INFO   :root~university schema@Database connection successful
2020-04-09 17:44:00 INFO   :root~university schema@SQL->[select * from takes where ID="45678" and course_id="CS-101"] execute successful
2020-04-09 17:44:00 INFO   :root~university schema@('45678', 'CS-101', 1, 'Spring', '2010', 'B+')
2020-04-09 17:44:00 INFO   :root~university schema@('45678', 'CS-101', 1, 'Fall', '2009', 'F')
2020-04-09 17:44:00 INFO   :root~university schema@Database connection closed successful
2020-04-09 17:48:07 INFO   :root~university schema@Database connection successful
2020-04-09 17:48:07 INFO   :root~university schema@SQL->[select * from takes where ID="45678" and course_id="CS-101"] execute successful
2020-04-09 17:48:07 INFO   :root~university schema@('45678', 'CS-101', 1, 'Spring', '2010', 'B+')
2020-04-09 17:48:07 INFO   :root~university schema@('45678', 'CS-101', 1, 'Fall', '2009', 'F')
2020-04-09 17:48:07 INFO   :root~university schema@Database connection closed successful
2020-04-09 17:48:14 INFO   :root~university schema@Database connection successful
2020-04-09 17:48:14 INFO   :root~university schema@SQL->[select * from takes where ID="45678" and course_id="CS-101"] execute successful
2020-04-09 17:48:14 INFO   :root~university schema@('45678', 'CS-101', 1, 'Spring', '2010', 'B+')
2020-04-09 17:48:14 INFO   :root~university schema@('45678', 'CS-101', 1, 'Fall', '2009', 'F')
2020-04-09 17:48:14 INFO   :root~university schema@Database connection closed successful
2020-04-09 17:48:51 INFO   :root~university schema@Database connection successful
2020-04-09 17:48:51 INFO   :root~university schema@SQL->[select * from takes where ID="45678" and course_id="CS-101"] execute successful
2020-04-09 17:48:51 INFO   :root~university schema@('45678', 'CS-101', 1, 'Spring', '2010', 'B+')
2020-04-09 17:48:51 INFO   :root~university schema@('45678', 'CS-101', 1, 'Fall', '2009', 'F')
2020-04-09 17:48:51 INFO   :root~university schema@Database connection closed successful
2020-04-09 17:49:37 INFO   :root~university schema@Database connection successful
2020-04-09 17:49:37 INFO   :root~university schema@SQL->[select * from takes where ID="45678" and course_id="CS-101"] execute successful
2020-04-09 17:49:37 INFO   :root~university schema@('45678', 'CS-101', 1, 'Spring', '2010', 'B+')
2020-04-09 17:49:37 INFO   :root~university schema@('45678', 'CS-101', 1, 'Fall', '2009', 'F')
2020-04-09 17:49:38 INFO   :root~university schema@Database connection closed successful
